<?xml version="1.0" encoding="UTF-8"?>
<testsuite xmlns:xsi="http://www.w3.org/2001/XMLSchema-instance" xsi:noNamespaceSchemaLocation="https://maven.apache.org/surefire/maven-surefire-plugin/xsd/surefire-test-report-3.0.xsd" version="3.0" name="com.pharmacy.admin.AdminIntegrationTest" time="19.493" tests="9" errors="0" skipped="0" failures="0">
  <properties>
[...]
</properties>
  <testcase name="anyAdminEndpoint_withoutJwt_shouldReturn403" classname="com.pharmacy.admin.AdminIntegrationTest" time="0.897">
    <system-out><![CDATA[15:47:24.335 [main] INFO org.springframework.test.context.support.AnnotationConfigContextLoaderUtils -- Could not detect default configuration classes for test class [com.pharmacy.admin.AdminIntegrationTest]: AdminIntegrationTest does not declare any static, non-private, non-final, nested classes annotated with @Configuration.
15:47:24.871 [main] INFO org.springframework.boot.test.context.SpringBootTestContextBootstrapper -- Found @SpringBootConfiguration com.pharmacy.PharmacyApplication for test class com.pharmacy.admin.AdminIntegrationTest

  .   ____          _            __ _ _
 /\\ / ___'_ __ _ _(_)_ __  __ _ \ \ \ \
( ( )\___ | '_ | '_| | '_ \/ _` | \ \ \ \
 \\/  ___)| |_)| | | | | || (_| |  ) ) ) )
  '  |____| .__|_| |_|_| |_\__, | / / / /
 =========|_|==============|___/=/_/_/_/
 :: Spring Boot ::                (v3.2.5)

2026-05-20T15:47:29.294+01:00  INFO 11644 --- [           main] .s.d.r.c.RepositoryConfigurationDelegate : Bootstrapping Spring Data JPA repositories in DEFAULT mode.
2026-05-20T15:47:29.420+01:00  INFO 11644 --- [           main] .s.d.r.c.RepositoryConfigurationDelegate : Finished Spring Data repository scanning in 107 ms. Found 6 JPA repository interfaces.
2026-05-20T15:47:31.223+01:00  INFO 11644 --- [           main] o.s.b.w.embedded.tomcat.TomcatWebServer  : Tomcat initialized with port 0 (http)
2026-05-20T15:47:31.248+01:00  INFO 11644 --- [           main] o.apache.catalina.core.StandardService   : Starting service [Tomcat]
2026-05-20T15:47:31.248+01:00  INFO 11644 --- [           main] o.apache.catalina.core.StandardEngine    : Starting Servlet engine: [Apache Tomcat/10.1.20]
2026-05-20T15:47:31.366+01:00  INFO 11644 --- [           main] o.a.c.c.C.[Tomcat].[localhost].[/]       : Initializing Spring embedded WebApplicationContext
2026-05-20T15:47:31.369+01:00  INFO 11644 --- [           main] w.s.c.ServletWebServerApplicationContext : Root WebApplicationContext: initialization completed in 4386 ms
2026-05-20T15:47:31.834+01:00  INFO 11644 --- [           main] o.hibernate.jpa.internal.util.LogHelper  : HHH000204: Processing PersistenceUnitInfo [name: default]
2026-05-20T15:47:32.048+01:00  INFO 11644 --- [           main] org.hibernate.Version                    : HHH000412: Hibernate ORM core version 6.4.4.Final
2026-05-20T15:47:32.131+01:00  INFO 11644 --- [           main] o.h.c.internal.RegionFactoryInitiator    : HHH000026: Second-level cache disabled
2026-05-20T15:47:32.370+01:00  INFO 11644 --- [           main] o.s.o.j.p.SpringPersistenceUnitInfo      : No LoadTimeWeaver setup: ignoring JPA class transformer
2026-05-20T15:47:32.419+01:00  INFO 11644 --- [           main] com.zaxxer.hikari.HikariDataSource       : HikariPool-1 - Starting...
2026-05-20T15:47:32.903+01:00  INFO 11644 --- [           main] com.zaxxer.hikari.pool.HikariPool        : HikariPool-1 - Added connection conn0: url=jdbc:h2:mem:testdb user=SA
2026-05-20T15:47:32.906+01:00  INFO 11644 --- [           main] com.zaxxer.hikari.HikariDataSource       : HikariPool-1 - Start completed.
2026-05-20T15:47:32.957+01:00  WARN 11644 --- [           main] org.hibernate.orm.deprecation            : HHH90000025: H2Dialect does not need to be specified explicitly using 'hibernate.dialect' (remove the property setting and it will be selected by default)
2026-05-20T15:47:34.713+01:00  INFO 11644 --- [           main] o.h.e.t.j.p.i.JtaPlatformInitiator       : HHH000489: No JTA platform available (set 'hibernate.transaction.jta.platform' to enable JTA platform integration)
2026-05-20T15:47:34.831+01:00  INFO 11644 --- [           main] j.LocalContainerEntityManagerFactoryBean : Initialized JPA EntityManagerFactory for persistence unit 'default'
2026-05-20T15:47:35.901+01:00  WARN 11644 --- [           main] JpaBaseConfiguration$JpaWebConfiguration : spring.jpa.open-in-view is enabled by default. Therefore, database queries may be performed during view rendering. Explicitly configure spring.jpa.open-in-view to disable this warning
2026-05-20T15:47:35.943+01:00  WARN 11644 --- [           main] .s.s.UserDetailsServiceAutoConfiguration : 

Using generated security password: 0c2ea46f-3a12-4d8f-a598-f1e26b4931a4

This generated password is for development use only. Your security configuration must be updated before running your application in production.

2026-05-20T15:47:37.281+01:00  INFO 11644 --- [           main] o.a.c.c.C.[Tomcat].[localhost].[/]       : Initializing Spring TestDispatcherServlet ''
2026-05-20T15:47:37.282+01:00  INFO 11644 --- [           main] o.s.t.web.servlet.TestDispatcherServlet  : Initializing Servlet ''
2026-05-20T15:47:37.283+01:00  INFO 11644 --- [           main] o.s.t.web.servlet.TestDispatcherServlet  : Completed initialization in 1 ms
2026-05-20T15:47:37.405+01:00  INFO 11644 --- [           main] o.s.b.w.embedded.tomcat.TomcatWebServer  : Tomcat started on port 60957 (http) with context path ''
]]></system-out>
  </testcase>
  <testcase name="getUserById_withAdminJwt_shouldReturn200" classname="com.pharmacy.admin.AdminIntegrationTest" time="0.69"/>
  <testcase name="getPharmacyById_withAdminJwt_shouldReturn200" classname="com.pharmacy.admin.AdminIntegrationTest" time="0.421"/>
  <testcase name="loginWithValidCredentials_shouldReturn200WithToken" classname="com.pharmacy.admin.AdminIntegrationTest" time="0.868"/>
  <testcase name="loginWithInvalidCredentials_shouldReturn401" classname="com.pharmacy.admin.AdminIntegrationTest" time="0.711"/>
  <testcase name="patchPharmacyStatus_shouldReturn200AndUpdatedActive" classname="com.pharmacy.admin.AdminIntegrationTest" time="0.412"/>
  <testcase name="getUsers_withAdminJwt_shouldReturn200AndNonEmptyContent" classname="com.pharmacy.admin.AdminIntegrationTest" time="0.405"/>
  <testcase name="getDashboard_withAdminJwt_shouldReturn200WithTreatmentRatePercent" classname="com.pharmacy.admin.AdminIntegrationTest" time="0.795"/>
  <testcase name="getPharmacies_withAdminJwt_shouldReturn200" classname="com.pharmacy.admin.AdminIntegrationTest" time="0.411"/>
</testsuite>